<?xml version="1.0" encoding="UTF-8"?>
<!-- Generated by org.testng.reporters.JUnitXMLReporter -->
<testsuite hostname="LAPTOP-CM7IEBIL" ignored="0" name="Default test" tests="3" failures="0" timestamp="08 Sep 2020 02:02:16 GMT" time="24.705" errors="0">
  <testcase name="loginDetails" time="7.832" classname="org.annotestng.TestngDataProvider"/>
  <testcase name="loginDetails" time="8.254" classname="org.annotestng.TestngDataProvider"/>
  <testcase name="loginDetails" time="8.577" classname="org.annotestng.TestngDataProvider"/>
</testsuite> <!-- Default test -->
