<?xml version="1.0" encoding="UTF-8"?>
<testng-results skipped="0" failed="0" ignored="0" total="3" passed="3">
  <reporter-output>
  </reporter-output>
  <suite name="Default suite" duration-ms="24705" started-at="2020-09-08T02:01:52Z" finished-at="2020-09-08T02:02:16Z">
    <groups>
    </groups>
    <test name="Default test" duration-ms="24705" started-at="2020-09-08T02:01:52Z" finished-at="2020-09-08T02:02:16Z">
      <class name="org.annotestng.TestngDataProvider">
        <test-method status="PASS" signature="loginDetails(java.lang.String, java.lang.String)[pri:0, instance:org.annotestng.TestngDataProvider@2928854b]" name="loginDetails" duration-ms="7832" started-at="2020-09-08T02:01:52Z" data-provider="credential" finished-at="2020-09-08T02:01:59Z">
          <params>
            <param index="0">
              <value>
                <![CDATA[user1]]>
              </value>
            </param>
            <param index="1">
              <value>
                <![CDATA[122344]]>
              </value>
            </param>
          </params>
          <reporter-output>
          </reporter-output>
        </test-method> <!-- loginDetails -->
        <test-method status="PASS" signature="loginDetails(java.lang.String, java.lang.String)[pri:0, instance:org.annotestng.TestngDataProvider@2928854b]" name="loginDetails" duration-ms="8254" started-at="2020-09-08T02:01:59Z" data-provider="credential" finished-at="2020-09-08T02:02:08Z">
          <params>
            <param index="0">
              <value>
                <![CDATA[user2]]>
              </value>
            </param>
            <param index="1">
              <value>
                <![CDATA[144344]]>
              </value>
            </param>
          </params>
          <reporter-output>
          </reporter-output>
        </test-method> <!-- loginDetails -->
        <test-method status="PASS" signature="loginDetails(java.lang.String, java.lang.String)[pri:0, instance:org.annotestng.TestngDataProvider@2928854b]" name="loginDetails" duration-ms="8577" started-at="2020-09-08T02:02:08Z" data-provider="credential" finished-at="2020-09-08T02:02:16Z">
          <params>
            <param index="0">
              <value>
                <![CDATA[user3]]>
              </value>
            </param>
            <param index="1">
              <value>
                <![CDATA[177344]]>
              </value>
            </param>
          </params>
          <reporter-output>
          </reporter-output>
        </test-method> <!-- loginDetails -->
      </class> <!-- org.annotestng.TestngDataProvider -->
    </test> <!-- Default test -->
  </suite> <!-- Default suite -->
</testng-results>
