<?xml version="1.0" encoding="UTF-8"?>
<!-- Generated by org.testng.reporters.JUnitXMLReporter -->
<testsuite hostname="LAPTOP-CM7IEBIL" ignored="0" name="Test" tests="5" failures="0" timestamp="06 Sep 2020 13:49:26 GMT" time="0.062" errors="0">
  <testcase name="test4" time="0.013" classname="org.annotestng.TestngTask"/>
  <testcase name="test5" time="0.002" classname="org.annotestng.TestngTask"/>
  <testcase name="test1" time="0.002" classname="org.annotestng.TestngTask"/>
  <testcase name="test2" time="0.001" classname="org.annotestng.TestngTask"/>
  <testcase name="test3" time="0.001" classname="org.annotestng.TestngTask"/>
</testsuite> <!-- Test -->
